<?xml version="1.0" encoding="UTF-8"?>
<!-- Generated by org.testng.reporters.JUnitReportReporter -->
<testsuite skipped="0" hostname="LAPTOP-PP7LTPN0" name="kdf.Application" tests="1" failures="0" timestamp="25 Apr 2020 17:06:21 GMT" time="164.221" errors="0">
  <testcase name="verifyInvalidLogin" time="164.221" classname="kdf.Application"/>
</testsuite> <!-- kdf.Application -->
