<?xml version="1.0" encoding="UTF-8"?>
<!-- Generated by org.testng.reporters.JUnitReportReporter -->
<testsuite skipped="0" hostname="LAPTOP-PP7LTPN0" name="com.demoaut.newtours.TestScripts.VerifyInvalidLogin" tests="1" failures="0" timestamp="19 Apr 2020 16:56:14 GMT" time="39.932" errors="0">
  <testcase name="verifyInvalidLogin" time="39.932" classname="com.demoaut.newtours.TestScripts.VerifyInvalidLogin"/>
</testsuite> <!-- com.demoaut.newtours.TestScripts.VerifyInvalidLogin -->
